This file contains any messages produced by compilers while
running configure, to aid debugging if configure makes a mistake.

It was created by libuldaq configure 1.2.1, which was
generated by GNU Autoconf 2.69.  Invocation command line was

  $ ./configure 

## --------- ##
## Platform. ##
## --------- ##

hostname = musashi03
uname -m = x86_64
uname -r = 5.15.0-41-generic
uname -s = Linux
uname -v = #44~20.04.1-Ubuntu SMP Fri Jun 24 13:27:29 UTC 2022

/usr/bin/uname -p = x86_64
/bin/uname -X     = unknown

/bin/arch              = x86_64
/usr/bin/arch -k       = unknown
/usr/convex/getsysinfo = unknown
/usr/bin/hostinfo      = unknown
/bin/machine           = unknown
/usr/bin/oslevel       = unknown
/bin/universe          = unknown

PATH: /opt/ros/noetic/bin
PATH: /usr/local/sbin
PATH: /usr/local/bin
PATH: /usr/sbin
PATH: /usr/bin
PATH: /sbin
PATH: /bin
PATH: /usr/games
PATH: /usr/local/games
PATH: /snap/bin


## ----------- ##
## Core tests. ##
## ----------- ##

configure:2411: checking for a BSD-compatible install
configure:2479: result: /usr/bin/install -c
configure:2490: checking whether build environment is sane
configure:2545: result: yes
configure:2694: checking for a thread-safe mkdir -p
configure:2733: result: /usr/bin/mkdir -p
configure:2740: checking for gawk
configure:2770: result: no
configure:2740: checking for mawk
configure:2756: found /usr/bin/mawk
configure:2767: result: mawk
configure:2778: checking whether make sets $(MAKE)
configure:2800: result: yes
configure:2829: checking whether make supports nested variables
configure:2846: result: yes
configure:2983: checking for style of include used by make
configure:3011: result: GNU
configure:3082: checking for gcc
configure:3098: found /usr/bin/gcc
configure:3109: result: gcc
configure:3338: checking for C compiler version
configure:3347: gcc --version >&5
gcc (Ubuntu 9.4.0-1ubuntu1~20.04.1) 9.4.0
Copyright (C) 2019 Free Software Foundation, Inc.
This is free software; see the source for copying conditions.  There is NO
warranty; not even for MERCHANTABILITY or FITNESS FOR A PARTICULAR PURPOSE.

configure:3358: $? = 0
configure:3347: gcc -v >&5
Using built-in specs.
COLLECT_GCC=gcc
COLLECT_LTO_WRAPPER=/usr/lib/gcc/x86_64-linux-gnu/9/lto-wrapper
OFFLOAD_TARGET_NAMES=nvptx-none:hsa
OFFLOAD_TARGET_DEFAULT=1
Target: x86_64-linux-gnu
Configured with: ../src/configure -v --with-pkgversion='Ubuntu 9.4.0-1ubuntu1~20.04.1' --with-bugurl=file:///usr/share/doc/gcc-9/README.Bugs --enable-languages=c,ada,c++,go,brig,d,fortran,objc,obj-c++,gm2 --prefix=/usr --with-gcc-major-version-only --program-suffix=-9 --program-prefix=x86_64-linux-gnu- --enable-shared --enable-linker-build-id --libexecdir=/usr/lib --without-included-gettext --enable-threads=posix --libdir=/usr/lib --enable-nls --enable-clocale=gnu --enable-libstdcxx-debug --enable-libstdcxx-time=yes --with-default-libstdcxx-abi=new --enable-gnu-unique-object --disable-vtable-verify --enable-plugin --enable-default-pie --with-system-zlib --with-target-system-zlib=auto --enable-objc-gc=auto --enable-multiarch --disable-werror --with-arch-32=i686 --with-abi=m64 --with-multilib-list=m32,m64,mx32 --enable-multilib --with-tune=generic --enable-offload-targets=nvptx-none=/build/gcc-9-Av3uEd/gcc-9-9.4.0/debian/tmp-nvptx/usr,hsa --without-cuda-driver --enable-checking=release --build=x86_64-linux-gnu --host=x86_64-linux-gnu --target=x86_64-linux-gnu
Thread model: posix
gcc version 9.4.0 (Ubuntu 9.4.0-1ubuntu1~20.04.1) 
configure:3358: $? = 0
configure:3347: gcc -V >&5
gcc: error: unrecognized command line option '-V'
gcc: fatal error: no input files
compilation terminated.
configure:3358: $? = 1
configure:3347: gcc -qversion >&5
gcc: error: unrecognized command line option '-qversion'; did you mean '--version'?
gcc: fatal error: no input files
compilation terminated.
configure:3358: $? = 1
configure:3378: checking whether the C compiler works
configure:3400: gcc -O3   conftest.c  >&5
configure:3404: $? = 0
configure:3452: result: yes
configure:3455: checking for C compiler default output file name
configure:3457: result: a.out
configure:3463: checking for suffix of executables
configure:3470: gcc -o conftest -O3   conftest.c  >&5
configure:3474: $? = 0
configure:3496: result: 
configure:3518: checking whether we are cross compiling
configure:3526: gcc -o conftest -O3   conftest.c  >&5
configure:3530: $? = 0
configure:3537: ./conftest
configure:3541: $? = 0
configure:3529: result: no
configure:3534: checking for suffix of object files
configure:3556: gcc -c -O3  conftest.c >&5
configure:3560: $? = 0
configure:3581: result: o
configure:3585: checking whether we are using the GNU C compiler
configure:3604: gcc -c -O3  conftest.c >&5
configure:3604: $? = 0
configure:3613: result: yes
configure:3622: checking whether gcc accepts -g
configure:3642: gcc -c -g  conftest.c >&5
configure:3642: $? = 0
configure:3683: result: yes
configure:3700: checking for gcc option to accept ISO C89
configure:3763: gcc  -c -O3  conftest.c >&5
configure:3763: $? = 0
configure:3776: result: none needed
configure:3801: checking whether gcc understands -c and -o together
configure:3823: gcc -c conftest.c -o conftest2.o
configure:3826: $? = 0
configure:3823: gcc -c conftest.c -o conftest2.o
configure:3826: $? = 0
configure:3838: result: yes
configure:3857: checking dependency style of gcc
configure:3968: result: gcc3
configure:4033: checking for ar
configure:4049: found /usr/bin/ar
configure:4060: result: ar
configure:4086: checking the archiver (ar) interface
configure:4102: gcc -c -O3  conftest.c >&5
configure:4102: $? = 0
configure:4104: ar cru libconftest.a conftest.o >&5
ar: `u' modifier ignored since `D' is the default (see `U')
configure:4107: $? = 0
configure:4106: result: ar
configure:4141: checking whether make supports nested variables
configure:4158: result: yes
configure:4229: checking for g++
configure:4245: found /usr/bin/g++
configure:4256: result: g++
configure:4283: checking for C++ compiler version
configure:4292: g++ --version >&5
g++ (Ubuntu 9.4.0-1ubuntu1~20.04.1) 9.4.0
Copyright (C) 2019 Free Software Foundation, Inc.
This is free software; see the source for copying conditions.  There is NO
warranty; not even for MERCHANTABILITY or FITNESS FOR A PARTICULAR PURPOSE.

configure:4303: $? = 0
configure:4292: g++ -v >&5
Using built-in specs.
COLLECT_GCC=g++
COLLECT_LTO_WRAPPER=/usr/lib/gcc/x86_64-linux-gnu/9/lto-wrapper
OFFLOAD_TARGET_NAMES=nvptx-none:hsa
OFFLOAD_TARGET_DEFAULT=1
Target: x86_64-linux-gnu
Configured with: ../src/configure -v --with-pkgversion='Ubuntu 9.4.0-1ubuntu1~20.04.1' --with-bugurl=file:///usr/share/doc/gcc-9/README.Bugs --enable-languages=c,ada,c++,go,brig,d,fortran,objc,obj-c++,gm2 --prefix=/usr --with-gcc-major-version-only --program-suffix=-9 --program-prefix=x86_64-linux-gnu- --enable-shared --enable-linker-build-id --libexecdir=/usr/lib --without-included-gettext --enable-threads=posix --libdir=/usr/lib --enable-nls --enable-clocale=gnu --enable-libstdcxx-debug --enable-libstdcxx-time=yes --with-default-libstdcxx-abi=new --enable-gnu-unique-object --disable-vtable-verify --enable-plugin --enable-default-pie --with-system-zlib --with-target-system-zlib=auto --enable-objc-gc=auto --enable-multiarch --disable-werror --with-arch-32=i686 --with-abi=m64 --with-multilib-list=m32,m64,mx32 --enable-multilib --with-tune=generic --enable-offload-targets=nvptx-none=/build/gcc-9-Av3uEd/gcc-9-9.4.0/debian/tmp-nvptx/usr,hsa --without-cuda-driver --enable-checking=release --build=x86_64-linux-gnu --host=x86_64-linux-gnu --target=x86_64-linux-gnu
Thread model: posix
gcc version 9.4.0 (Ubuntu 9.4.0-1ubuntu1~20.04.1) 
configure:4303: $? = 0
configure:4292: g++ -V >&5
g++: error: unrecognized command line option '-V'
g++: fatal error: no input files
compilation terminated.
configure:4303: $? = 1
configure:4292: g++ -qversion >&5
g++: error: unrecognized command line option '-qversion'; did you mean '--version'?
g++: fatal error: no input files
compilation terminated.
configure:4303: $? = 1
configure:4307: checking whether we are using the GNU C++ compiler
configure:4326: g++ -c -O3  conftest.cpp >&5
configure:4326: $? = 0
configure:4335: result: yes
configure:4344: checking whether g++ accepts -g
configure:4364: g++ -c -g  conftest.cpp >&5
configure:4364: $? = 0
configure:4405: result: yes
configure:4430: checking dependency style of g++
configure:4541: result: gcc3
configure:4604: checking for gcc
configure:4631: result: gcc
configure:4860: checking for C compiler version
configure:4869: gcc --version >&5
gcc (Ubuntu 9.4.0-1ubuntu1~20.04.1) 9.4.0
Copyright (C) 2019 Free Software Foundation, Inc.
This is free software; see the source for copying conditions.  There is NO
warranty; not even for MERCHANTABILITY or FITNESS FOR A PARTICULAR PURPOSE.

configure:4880: $? = 0
configure:4869: gcc -v >&5
Using built-in specs.
COLLECT_GCC=gcc
COLLECT_LTO_WRAPPER=/usr/lib/gcc/x86_64-linux-gnu/9/lto-wrapper
OFFLOAD_TARGET_NAMES=nvptx-none:hsa
OFFLOAD_TARGET_DEFAULT=1
Target: x86_64-linux-gnu
Configured with: ../src/configure -v --with-pkgversion='Ubuntu 9.4.0-1ubuntu1~20.04.1' --with-bugurl=file:///usr/share/doc/gcc-9/README.Bugs --enable-languages=c,ada,c++,go,brig,d,fortran,objc,obj-c++,gm2 --prefix=/usr --with-gcc-major-version-only --program-suffix=-9 --program-prefix=x86_64-linux-gnu- --enable-shared --enable-linker-build-id --libexecdir=/usr/lib --without-included-gettext --enable-threads=posix --libdir=/usr/lib --enable-nls --enable-clocale=gnu --enable-libstdcxx-debug --enable-libstdcxx-time=yes --with-default-libstdcxx-abi=new --enable-gnu-unique-object --disable-vtable-verify --enable-plugin --enable-default-pie --with-system-zlib --with-target-system-zlib=auto --enable-objc-gc=auto --enable-multiarch --disable-werror --with-arch-32=i686 --with-abi=m64 --with-multilib-list=m32,m64,mx32 --enable-multilib --with-tune=generic --enable-offload-targets=nvptx-none=/build/gcc-9-Av3uEd/gcc-9-9.4.0/debian/tmp-nvptx/usr,hsa --without-cuda-driver --enable-checking=release --build=x86_64-linux-gnu --host=x86_64-linux-gnu --target=x86_64-linux-gnu
Thread model: posix
gcc version 9.4.0 (Ubuntu 9.4.0-1ubuntu1~20.04.1) 
configure:4880: $? = 0
configure:4869: gcc -V >&5
gcc: error: unrecognized command line option '-V'
gcc: fatal error: no input files
compilation terminated.
configure:4880: $? = 1
configure:4869: gcc -qversion >&5
gcc: error: unrecognized command line option '-qversion'; did you mean '--version'?
gcc: fatal error: no input files
compilation terminated.
configure:4880: $? = 1
configure:4884: checking whether we are using the GNU C compiler
configure:4912: result: yes
configure:4921: checking whether gcc accepts -g
configure:4982: result: yes
configure:4999: checking for gcc option to accept ISO C89
configure:5075: result: none needed
configure:5100: checking whether gcc understands -c and -o together
configure:5137: result: yes
configure:5156: checking dependency style of gcc
configure:5267: result: gcc3
configure:5311: checking build system type
configure:5325: result: x86_64-unknown-linux-gnu
configure:5345: checking host system type
configure:5358: result: x86_64-unknown-linux-gnu
configure:5399: checking how to print strings
configure:5426: result: printf
configure:5447: checking for a sed that does not truncate output
configure:5511: result: /usr/bin/sed
configure:5529: checking for grep that handles long lines and -e
configure:5587: result: /usr/bin/grep
configure:5592: checking for egrep
configure:5654: result: /usr/bin/grep -E
configure:5659: checking for fgrep
configure:5721: result: /usr/bin/grep -F
configure:5756: checking for ld used by gcc
configure:5823: result: /usr/bin/ld
configure:5830: checking if the linker (/usr/bin/ld) is GNU ld
configure:5845: result: yes
configure:5857: checking for BSD- or MS-compatible name lister (nm)
configure:5906: result: /usr/bin/nm -B
configure:6036: checking the name lister (/usr/bin/nm -B) interface
configure:6043: gcc -c -O3  conftest.c >&5
configure:6046: /usr/bin/nm -B "conftest.o"
configure:6049: output
0000000000000000 B some_variable
configure:6050: result: BSD nm
configure:6053: checking whether ln -s works
configure:6057: result: yes
configure:6065: checking the maximum length of command line arguments
configure:6196: result: 1572864
configure:6213: checking whether the shell understands some XSI constructs
configure:6222: result: yes
configure:6226: checking whether the shell understands "+="
configure:6230: result: yes
configure:6265: checking how to convert x86_64-unknown-linux-gnu file names to x86_64-unknown-linux-gnu format
configure:6305: result: func_convert_file_noop
configure:6312: checking how to convert x86_64-unknown-linux-gnu file names to toolchain format
configure:6332: result: func_convert_file_noop
configure:6339: checking for /usr/bin/ld option to reload object files
configure:6346: result: -r
configure:6420: checking for objdump
configure:6436: found /usr/bin/objdump
configure:6447: result: objdump
configure:6479: checking how to recognize dependent libraries
configure:6677: result: pass_all
configure:6762: checking for dlltool
configure:6792: result: no
configure:6822: checking how to associate runtime and link libraries
configure:6849: result: printf %s\n
configure:6973: checking for archiver @FILE support
configure:6990: gcc -c -O3  conftest.c >&5
configure:6990: $? = 0
configure:6993: ar cru libconftest.a @conftest.lst >&5
ar: `u' modifier ignored since `D' is the default (see `U')
configure:6996: $? = 0
configure:7001: ar cru libconftest.a @conftest.lst >&5
ar: `u' modifier ignored since `D' is the default (see `U')
ar: conftest.o: No such file or directory
configure:7004: $? = 1
configure:7003: result: @
configure:7061: checking for strip
configure:7077: found /usr/bin/strip
configure:7088: result: strip
configure:7160: checking for ranlib
configure:7176: found /usr/bin/ranlib
configure:7187: result: ranlib
configure:7289: checking command to parse /usr/bin/nm -B output from gcc object
configure:7409: gcc -c -O3  conftest.c >&5
configure:7412: $? = 0
configure:7416: /usr/bin/nm -B conftest.o \| sed -n -e 's/^.*[ ]\([ABCDGIRSTW][ABCDGIRSTW]*\)[ ][ ]*\([_A-Za-z][_A-Za-z0-9]*\)$/\1 \2 \2/p' | sed '/ __gnu_lto/d' \> conftest.nm
configure:7419: $? = 0
configure:7485: gcc -o conftest -O3   conftest.c conftstm.o >&5
configure:7488: $? = 0
configure:7526: result: ok
configure:7563: checking for sysroot
configure:7593: result: no
configure:7670: gcc -c -O3  conftest.c >&5
configure:7673: $? = 0
configure:7862: checking for mt
configure:7878: found /usr/bin/mt
configure:7889: result: mt
configure:7912: checking if mt is a manifest tool
configure:7918: mt '-?'
configure:7926: result: no
configure:8568: checking how to run the C preprocessor
configure:8599: gcc -E  conftest.c
configure:8599: $? = 0
configure:8613: gcc -E  conftest.c
conftest.c:11:10: fatal error: ac_nonexistent.h: No such file or directory
   11 | #include <ac_nonexistent.h>
      |          ^~~~~~~~~~~~~~~~~~
compilation terminated.
configure:8613: $? = 1
configure: failed program was:
| /* confdefs.h */
| #define PACKAGE_NAME "libuldaq"
| #define PACKAGE_TARNAME "libuldaq"
| #define PACKAGE_VERSION "1.2.1"
| #define PACKAGE_STRING "libuldaq 1.2.1"
| #define PACKAGE_BUGREPORT "info@mccdaq.com"
| #define PACKAGE_URL "http://www.mccdaq.com"
| #define PACKAGE "libuldaq"
| #define VERSION "1.2.1"
| /* end confdefs.h.  */
| #include <ac_nonexistent.h>
configure:8638: result: gcc -E
configure:8658: gcc -E  conftest.c
configure:8658: $? = 0
configure:8672: gcc -E  conftest.c
conftest.c:11:10: fatal error: ac_nonexistent.h: No such file or directory
   11 | #include <ac_nonexistent.h>
      |          ^~~~~~~~~~~~~~~~~~
compilation terminated.
configure:8672: $? = 1
configure: failed program was:
| /* confdefs.h */
| #define PACKAGE_NAME "libuldaq"
| #define PACKAGE_TARNAME "libuldaq"
| #define PACKAGE_VERSION "1.2.1"
| #define PACKAGE_STRING "libuldaq 1.2.1"
| #define PACKAGE_BUGREPORT "info@mccdaq.com"
| #define PACKAGE_URL "http://www.mccdaq.com"
| #define PACKAGE "libuldaq"
| #define VERSION "1.2.1"
| /* end confdefs.h.  */
| #include <ac_nonexistent.h>
configure:8701: checking for ANSI C header files
configure:8721: gcc -c -O3  conftest.c >&5
configure:8721: $? = 0
configure:8794: gcc -o conftest -O3   conftest.c  >&5
configure:8794: $? = 0
configure:8794: ./conftest
configure:8794: $? = 0
configure:8805: result: yes
configure:8818: checking for sys/types.h
configure:8818: gcc -c -O3  conftest.c >&5
configure:8818: $? = 0
configure:8818: result: yes
configure:8818: checking for sys/stat.h
configure:8818: gcc -c -O3  conftest.c >&5
configure:8818: $? = 0
configure:8818: result: yes
configure:8818: checking for stdlib.h
configure:8818: gcc -c -O3  conftest.c >&5
configure:8818: $? = 0
configure:8818: result: yes
configure:8818: checking for string.h
configure:8818: gcc -c -O3  conftest.c >&5
configure:8818: $? = 0
configure:8818: result: yes
configure:8818: checking for memory.h
configure:8818: gcc -c -O3  conftest.c >&5
configure:8818: $? = 0
configure:8818: result: yes
configure:8818: checking for strings.h
configure:8818: gcc -c -O3  conftest.c >&5
configure:8818: $? = 0
configure:8818: result: yes
configure:8818: checking for inttypes.h
configure:8818: gcc -c -O3  conftest.c >&5
configure:8818: $? = 0
configure:8818: result: yes
configure:8818: checking for stdint.h
configure:8818: gcc -c -O3  conftest.c >&5
configure:8818: $? = 0
configure:8818: result: yes
configure:8818: checking for unistd.h
configure:8818: gcc -c -O3  conftest.c >&5
configure:8818: $? = 0
configure:8818: result: yes
configure:8832: checking for dlfcn.h
configure:8832: gcc -c -O3  conftest.c >&5
configure:8832: $? = 0
configure:8832: result: yes
configure:9049: checking for objdir
configure:9064: result: .libs
configure:9335: checking if gcc supports -fno-rtti -fno-exceptions
configure:9353: gcc -c -O3  -fno-rtti -fno-exceptions conftest.c >&5
cc1: warning: command line option '-fno-rtti' is valid for C++/D/ObjC++ but not for C
configure:9357: $? = 0
configure:9370: result: no
configure:9697: checking for gcc option to produce PIC
configure:9704: result: -fPIC -DPIC
configure:9712: checking if gcc PIC flag -fPIC -DPIC works
configure:9730: gcc -c -O3  -fPIC -DPIC -DPIC conftest.c >&5
configure:9734: $? = 0
configure:9747: result: yes
configure:9776: checking if gcc static flag -static works
configure:9804: result: yes
configure:9819: checking if gcc supports -c -o file.o
configure:9840: gcc -c -O3  -o out/conftest2.o conftest.c >&5
configure:9844: $? = 0
configure:9866: result: yes
configure:9874: checking if gcc supports -c -o file.o
configure:9921: result: yes
configure:9954: checking whether the gcc linker (/usr/bin/ld -m elf_x86_64) supports shared libraries
configure:11111: result: yes
configure:11148: checking whether -lc should be explicitly linked in
configure:11156: gcc -c -O3  conftest.c >&5
configure:11159: $? = 0
configure:11174: gcc -shared  -fPIC -DPIC conftest.o  -v -Wl,-soname -Wl,conftest -o conftest 2\>\&1 \| /usr/bin/grep  -lc  \>/dev/null 2\>\&1
configure:11177: $? = 0
configure:11191: result: no
configure:11351: checking dynamic linker characteristics
configure:11851: gcc -o conftest -O3   -Wl,-rpath -Wl,/foo conftest.c  >&5
configure:11851: $? = 0
configure:12085: result: GNU/Linux ld.so
configure:12192: checking how to hardcode library paths into programs
configure:12217: result: immediate
configure:12757: checking whether stripping libraries is possible
configure:12762: result: yes
configure:12797: checking if libtool supports shared libraries
configure:12799: result: yes
configure:12802: checking whether to build shared libraries
configure:12823: result: yes
configure:12826: checking whether to build static libraries
configure:12830: result: yes
configure:9858: checking how to run the C++ preprocessor
configure:9885: g++ -E  conftest.cpp
configure:9885: $? = 0
configure:9899: g++ -E  conftest.cpp
conftest.cpp:23:10: fatal error: ac_nonexistent.h: No such file or directory
   23 | #include <ac_nonexistent.h>
      |          ^~~~~~~~~~~~~~~~~~
compilation terminated.
configure:9899: $? = 1
configure: failed program was:
| /* confdefs.h */
| #define PACKAGE_NAME "libuldaq"
| #define PACKAGE_TARNAME "libuldaq"
| #define PACKAGE_VERSION "1.2.1"
| #define PACKAGE_STRING "libuldaq 1.2.1"
| #define PACKAGE_BUGREPORT "info@mccdaq.com"
| #define PACKAGE_URL "http://www.mccdaq.com"
| #define PACKAGE "libuldaq"
| #define VERSION "1.2.1"
| #define STDC_HEADERS 1
| #define HAVE_SYS_TYPES_H 1
| #define HAVE_SYS_STAT_H 1
| #define HAVE_STDLIB_H 1
| #define HAVE_STRING_H 1
| #define HAVE_MEMORY_H 1
| #define HAVE_STRINGS_H 1
| #define HAVE_INTTYPES_H 1
| #define HAVE_STDINT_H 1
| #define HAVE_UNISTD_H 1
| #define HAVE_DLFCN_H 1
| #define LT_OBJDIR ".libs/"
| /* end confdefs.h.  */
| #include <ac_nonexistent.h>
configure:9924: result: g++ -E
configure:9944: g++ -E  conftest.cpp
configure:9944: $? = 0
configure:9958: g++ -E  conftest.cpp
conftest.cpp:23:10: fatal error: ac_nonexistent.h: No such file or directory
   23 | #include <ac_nonexistent.h>
      |          ^~~~~~~~~~~~~~~~~~
compilation terminated.
configure:9958: $? = 1
configure: failed program was:
| /* confdefs.h */
| #define PACKAGE_NAME "libuldaq"
| #define PACKAGE_TARNAME "libuldaq"
| #define PACKAGE_VERSION "1.2.1"
| #define PACKAGE_STRING "libuldaq 1.2.1"
| #define PACKAGE_BUGREPORT "info@mccdaq.com"
| #define PACKAGE_URL "http://www.mccdaq.com"
| #define PACKAGE "libuldaq"
| #define VERSION "1.2.1"
| #define STDC_HEADERS 1
| #define HAVE_SYS_TYPES_H 1
| #define HAVE_SYS_STAT_H 1
| #define HAVE_STDLIB_H 1
| #define HAVE_STRING_H 1
| #define HAVE_MEMORY_H 1
| #define HAVE_STRINGS_H 1
| #define HAVE_INTTYPES_H 1
| #define HAVE_STDINT_H 1
| #define HAVE_UNISTD_H 1
| #define HAVE_DLFCN_H 1
| #define LT_OBJDIR ".libs/"
| /* end confdefs.h.  */
| #include <ac_nonexistent.h>
configure:10127: checking for ld used by g++
configure:10194: result: /usr/bin/ld -m elf_x86_64
configure:10201: checking if the linker (/usr/bin/ld -m elf_x86_64) is GNU ld
configure:10216: result: yes
configure:10271: checking whether the g++ linker (/usr/bin/ld -m elf_x86_64) supports shared libraries
configure:11273: result: yes
configure:11309: g++ -c -O3  conftest.cpp >&5
configure:11312: $? = 0
configure:11832: checking for g++ option to produce PIC
configure:11839: result: -fPIC -DPIC
configure:11847: checking if g++ PIC flag -fPIC -DPIC works
configure:11865: g++ -c -O3  -fPIC -DPIC -DPIC conftest.cpp >&5
configure:11869: $? = 0
configure:11882: result: yes
configure:11905: checking if g++ static flag -static works
configure:11933: result: yes
configure:11945: checking if g++ supports -c -o file.o
configure:11966: g++ -c -O3  -o out/conftest2.o conftest.cpp >&5
configure:11970: $? = 0
configure:11992: result: yes
configure:11997: checking if g++ supports -c -o file.o
configure:12044: result: yes
configure:12074: checking whether the g++ linker (/usr/bin/ld -m elf_x86_64) supports shared libraries
configure:12113: result: yes
configure:12254: checking dynamic linker characteristics
configure:12922: result: GNU/Linux ld.so
configure:12975: checking how to hardcode library paths into programs
configure:13000: result: immediate
configure:12006: checking operating system
configure:12008: result: x86_64-unknown-linux-gnu
configure:12012: result:  Linux
configure:12037: checking for libusb_init in -lusb-1.0
configure:12062: gcc -o conftest -O3   conftest.c -lusb-1.0   >&5
configure:12062: $? = 0
configure:12071: result: yes
configure:12087: checking libusb-1.0/libusb.h usability
configure:12087: gcc -c -O3  conftest.c >&5
configure:12087: $? = 0
configure:12087: result: yes
configure:12087: checking libusb-1.0/libusb.h presence
configure:12087: gcc -E  conftest.c
configure:12087: $? = 0
configure:12087: result: yes
configure:12087: checking for libusb-1.0/libusb.h
configure:12087: result: yes
configure:12166: checking if g++ supports -Wno-psabi flag
configure:12179: g++ -c -O3 -Wno-psabi  conftest.cpp >&5
configure:12179: $? = 0
configure:12185: result: yes
configure:12314: checking that generated files are newer than configure
configure:12320: result: done
configure:12367: creating ./config.status

## ---------------------- ##
## Running config.status. ##
## ---------------------- ##

This file was extended by libuldaq config.status 1.2.1, which was
generated by GNU Autoconf 2.69.  Invocation command line was

  CONFIG_FILES    = 
  CONFIG_HEADERS  = 
  CONFIG_LINKS    = 
  CONFIG_COMMANDS = 
  $ ./config.status 

on musashi03

config.status:1158: creating libuldaq.pc
config.status:1158: creating Makefile
config.status:1158: creating src/Makefile
config.status:1158: creating examples/Makefile
config.status:1158: creating config.h
config.status:1387: executing depfiles commands
config.status:1387: executing libtool commands

## ---------------- ##
## Cache variables. ##
## ---------------- ##

ac_cv_build=x86_64-unknown-linux-gnu
ac_cv_c_compiler_gnu=yes
ac_cv_cxx_compiler_gnu=yes
ac_cv_env_CCC_set=
ac_cv_env_CCC_value=
ac_cv_env_CC_set=
ac_cv_env_CC_value=
ac_cv_env_CFLAGS_set=
ac_cv_env_CFLAGS_value=
ac_cv_env_CPPFLAGS_set=
ac_cv_env_CPPFLAGS_value=
ac_cv_env_CPP_set=
ac_cv_env_CPP_value=
ac_cv_env_CXXCPP_set=
ac_cv_env_CXXCPP_value=
ac_cv_env_CXXFLAGS_set=
ac_cv_env_CXXFLAGS_value=
ac_cv_env_CXX_set=
ac_cv_env_CXX_value=
ac_cv_env_LDFLAGS_set=
ac_cv_env_LDFLAGS_value=
ac_cv_env_LIBS_set=
ac_cv_env_LIBS_value=
ac_cv_env_build_alias_set=
ac_cv_env_build_alias_value=
ac_cv_env_host_alias_set=
ac_cv_env_host_alias_value=
ac_cv_env_target_alias_set=
ac_cv_env_target_alias_value=
ac_cv_header_dlfcn_h=yes
ac_cv_header_inttypes_h=yes
ac_cv_header_libusb_1_0_libusb_h=yes
ac_cv_header_memory_h=yes
ac_cv_header_stdc=yes
ac_cv_header_stdint_h=yes
ac_cv_header_stdlib_h=yes
ac_cv_header_string_h=yes
ac_cv_header_strings_h=yes
ac_cv_header_sys_stat_h=yes
ac_cv_header_sys_types_h=yes
ac_cv_header_unistd_h=yes
ac_cv_host=x86_64-unknown-linux-gnu
ac_cv_lib_usb_1_0_libusb_init=yes
ac_cv_objext=o
ac_cv_path_EGREP='/usr/bin/grep -E'
ac_cv_path_FGREP='/usr/bin/grep -F'
ac_cv_path_GREP=/usr/bin/grep
ac_cv_path_SED=/usr/bin/sed
ac_cv_path_install='/usr/bin/install -c'
ac_cv_path_mkdir=/usr/bin/mkdir
ac_cv_prog_AWK=mawk
ac_cv_prog_CPP='gcc -E'
ac_cv_prog_CXXCPP='g++ -E'
ac_cv_prog_ac_ct_AR=ar
ac_cv_prog_ac_ct_CC=gcc
ac_cv_prog_ac_ct_CXX=g++
ac_cv_prog_ac_ct_MANIFEST_TOOL=mt
ac_cv_prog_ac_ct_OBJDUMP=objdump
ac_cv_prog_ac_ct_RANLIB=ranlib
ac_cv_prog_ac_ct_STRIP=strip
ac_cv_prog_cc_c89=
ac_cv_prog_cc_g=yes
ac_cv_prog_cxx_g=yes
ac_cv_prog_make_make_set=yes
am_cv_CC_dependencies_compiler_type=gcc3
am_cv_CXX_dependencies_compiler_type=gcc3
am_cv_ar_interface=ar
am_cv_make_support_nested_variables=yes
am_cv_prog_cc_c_o=yes
lt_cv_ar_at_file=@
lt_cv_archive_cmds_need_lc=no
lt_cv_deplibs_check_method=pass_all
lt_cv_file_magic_cmd='$MAGIC_CMD'
lt_cv_file_magic_test_file=
lt_cv_ld_reload_flag=-r
lt_cv_nm_interface='BSD nm'
lt_cv_objdir=.libs
lt_cv_path_LD=/usr/bin/ld
lt_cv_path_LDCXX='/usr/bin/ld -m elf_x86_64'
lt_cv_path_NM='/usr/bin/nm -B'
lt_cv_path_mainfest_tool=no
lt_cv_prog_compiler_c_o=yes
lt_cv_prog_compiler_c_o_CXX=yes
lt_cv_prog_compiler_pic='-fPIC -DPIC'
lt_cv_prog_compiler_pic_CXX='-fPIC -DPIC'
lt_cv_prog_compiler_pic_works=yes
lt_cv_prog_compiler_pic_works_CXX=yes
lt_cv_prog_compiler_rtti_exceptions=no
lt_cv_prog_compiler_static_works=yes
lt_cv_prog_compiler_static_works_CXX=yes
lt_cv_prog_gnu_ld=yes
lt_cv_prog_gnu_ldcxx=yes
lt_cv_sharedlib_from_linklib_cmd='printf %s\n'
lt_cv_shlibpath_overrides_runpath=yes
lt_cv_sys_global_symbol_pipe='sed -n -e '\''s/^.*[	 ]\([ABCDGIRSTW][ABCDGIRSTW]*\)[	 ][	 ]*\([_A-Za-z][_A-Za-z0-9]*\)$/\1 \2 \2/p'\'' | sed '\''/ __gnu_lto/d'\'''
lt_cv_sys_global_symbol_to_c_name_address='sed -n -e '\''s/^: \([^ ]*\)[ ]*$/  {\"\1\", (void *) 0},/p'\'' -e '\''s/^[ABCDGIRSTW]* \([^ ]*\) \([^ ]*\)$/  {"\2", (void *) \&\2},/p'\'''
lt_cv_sys_global_symbol_to_c_name_address_lib_prefix='sed -n -e '\''s/^: \([^ ]*\)[ ]*$/  {\"\1\", (void *) 0},/p'\'' -e '\''s/^[ABCDGIRSTW]* \([^ ]*\) \(lib[^ ]*\)$/  {"\2", (void *) \&\2},/p'\'' -e '\''s/^[ABCDGIRSTW]* \([^ ]*\) \([^ ]*\)$/  {"lib\2", (void *) \&\2},/p'\'''
lt_cv_sys_global_symbol_to_cdecl='sed -n -e '\''s/^T .* \(.*\)$/extern int \1();/p'\'' -e '\''s/^[ABCDGIRSTW]* .* \(.*\)$/extern char \1;/p'\'''
lt_cv_sys_max_cmd_len=1572864
lt_cv_to_host_file_cmd=func_convert_file_noop
lt_cv_to_tool_file_cmd=func_convert_file_noop

## ----------------- ##
## Output variables. ##
## ----------------- ##

ACLOCAL='${SHELL} /home/musashi/libuldaq-1.2.1/missing aclocal-1.14'
AMDEPBACKSLASH='\'
AMDEP_FALSE='#'
AMDEP_TRUE=''
AMTAR='$${TAR-tar}'
AM_BACKSLASH='\'
AM_DEFAULT_V='$(AM_DEFAULT_VERBOSITY)'
AM_DEFAULT_VERBOSITY='0'
AM_V='$(V)'
AR='ar'
AR_FLAGS='cr'
AUTOCONF='${SHELL} /home/musashi/libuldaq-1.2.1/missing autoconf'
AUTOHEADER='${SHELL} /home/musashi/libuldaq-1.2.1/missing autoheader'
AUTOMAKE='${SHELL} /home/musashi/libuldaq-1.2.1/missing automake-1.14'
AWK='mawk'
BUILD_EXAMPLES_FALSE='#'
BUILD_EXAMPLES_TRUE=''
CC='gcc'
CCDEPMODE='depmode=gcc3'
CFLAGS='-O3'
CPP='gcc -E'
CPPFLAGS=''
CXX='g++'
CXXCPP='g++ -E'
CXXDEPMODE='depmode=gcc3'
CXXFLAGS='-O3 -Wno-psabi'
CYGPATH_W='echo'
DEBUG_FALSE=''
DEBUG_TRUE='#'
DEFS='-DHAVE_CONFIG_H'
DEPDIR='.deps'
DLLTOOL='false'
DSYMUTIL=''
DUMPBIN=''
ECHO_C=''
ECHO_N='-n'
ECHO_T=''
EGREP='/usr/bin/grep -E'
EXEEXT=''
FGREP='/usr/bin/grep -F'
GREP='/usr/bin/grep'
INSTALL_DATA='${INSTALL} -m 644'
INSTALL_PROGRAM='${INSTALL}'
INSTALL_SCRIPT='${INSTALL}'
INSTALL_STRIP_PROGRAM='$(install_sh) -c -s'
LD='/usr/bin/ld -m elf_x86_64'
LDFLAGS=''
LIBOBJS=''
LIBS='-lusb-1.0 '
LIBTOOL='$(SHELL) $(top_builddir)/libtool'
LIPO=''
LN_S='ln -s'
LTLDFLAGS='-version-info 3:1:2'
LTLIBOBJS=''
MAKEINFO='${SHELL} /home/musashi/libuldaq-1.2.1/missing makeinfo'
MANIFEST_TOOL=':'
MKDIR_P='/usr/bin/mkdir -p'
NM='/usr/bin/nm -B'
NMEDIT=''
OBJDUMP='objdump'
OBJEXT='o'
OS_DARWIN=''
OS_DARWIN_FALSE=''
OS_DARWIN_TRUE='#'
OS_LINUX=''
OS_LINUX_FALSE='#'
OS_LINUX_TRUE=''
OTOOL64=''
OTOOL=''
PACKAGE='libuldaq'
PACKAGE_BUGREPORT='info@mccdaq.com'
PACKAGE_NAME='libuldaq'
PACKAGE_STRING='libuldaq 1.2.1'
PACKAGE_TARNAME='libuldaq'
PACKAGE_URL='http://www.mccdaq.com'
PACKAGE_VERSION='1.2.1'
PATH_SEPARATOR=':'
RANLIB='ranlib'
SED='/usr/bin/sed'
SET_MAKE=''
SHELL='/bin/bash'
STRIP='strip'
VERSION='1.2.1'
ac_ct_AR='ar'
ac_ct_CC='gcc'
ac_ct_CXX='g++'
ac_ct_DUMPBIN=''
am__EXEEXT_FALSE=''
am__EXEEXT_TRUE='#'
am__fastdepCC_FALSE='#'
am__fastdepCC_TRUE=''
am__fastdepCXX_FALSE='#'
am__fastdepCXX_TRUE=''
am__include='include'
am__isrc=''
am__leading_dot='.'
am__nodep='_no'
am__quote=''
am__tar='$${TAR-tar} chof - "$$tardir"'
am__untar='$${TAR-tar} xf -'
bindir='${exec_prefix}/bin'
build='x86_64-unknown-linux-gnu'
build_alias=''
build_cpu='x86_64'
build_os='linux-gnu'
build_vendor='unknown'
datadir='${datarootdir}'
datarootdir='${prefix}/share'
docdir='${datarootdir}/doc/${PACKAGE_TARNAME}'
dvidir='${docdir}'
exec_prefix='${prefix}'
host='x86_64-unknown-linux-gnu'
host_alias=''
host_cpu='x86_64'
host_os='linux-gnu'
host_vendor='unknown'
htmldir='${docdir}'
includedir='${prefix}/include'
infodir='${datarootdir}/info'
install_sh='${SHELL} /home/musashi/libuldaq-1.2.1/install-sh'
libdir='${exec_prefix}/lib'
libexecdir='${exec_prefix}/libexec'
localedir='${datarootdir}/locale'
localstatedir='${prefix}/var'
mandir='${datarootdir}/man'
mkdir_p='$(MKDIR_P)'
oldincludedir='/usr/include'
pdfdir='${docdir}'
prefix='/usr/local'
program_transform_name='s,x,x,'
psdir='${docdir}'
sbindir='${exec_prefix}/sbin'
sharedstatedir='${prefix}/com'
sysconfdir='${prefix}/etc'
target_alias=''

## ----------- ##
## confdefs.h. ##
## ----------- ##

/* confdefs.h */
#define PACKAGE_NAME "libuldaq"
#define PACKAGE_TARNAME "libuldaq"
#define PACKAGE_VERSION "1.2.1"
#define PACKAGE_STRING "libuldaq 1.2.1"
#define PACKAGE_BUGREPORT "info@mccdaq.com"
#define PACKAGE_URL "http://www.mccdaq.com"
#define PACKAGE "libuldaq"
#define VERSION "1.2.1"
#define STDC_HEADERS 1
#define HAVE_SYS_TYPES_H 1
#define HAVE_SYS_STAT_H 1
#define HAVE_STDLIB_H 1
#define HAVE_STRING_H 1
#define HAVE_MEMORY_H 1
#define HAVE_STRINGS_H 1
#define HAVE_INTTYPES_H 1
#define HAVE_STDINT_H 1
#define HAVE_UNISTD_H 1
#define HAVE_DLFCN_H 1
#define LT_OBJDIR ".libs/"
#define OS_LINUX 1
#define HAVE_LIBUSB_1_0 1
#define HAVE_LIBUSB_1_0_LIBUSB_H 1

configure: exit 0
