[35m[1mScanning dependencies of target std_msgs_generate_messages_eus[0m
[35m[1mScanning dependencies of target std_msgs_generate_messages_nodejs[0m
[35m[1mScanning dependencies of target std_msgs_generate_messages_py[0m
[35m[1mScanning dependencies of target control[0m
[35m[1mScanning dependencies of target std_msgs_generate_messages_cpp[0m
[35m[1mScanning dependencies of target std_msgs_generate_messages_lisp[0m
[35m[1mScanning dependencies of target nitra_robot_xacro_generated_to_devel_space_[0m
[35m[1mScanning dependencies of target laserscan2pointcloud[0m
[  0%] Built target std_msgs_generate_messages_cpp
[  0%] Built target std_msgs_generate_messages_eus
[  0%] Built target std_msgs_generate_messages_nodejs
[  0%] Built target std_msgs_generate_messages_lisp
[  0%] Built target std_msgs_generate_messages_py
[  0%] Built target nitra_robot_xacro_generated_to_devel_space_
[35m[1mScanning dependencies of target nitra_robot_generate_messages_cpp[0m
[35m[1mScanning dependencies of target nitra_robot_generate_messages_eus[0m
[35m[1mScanning dependencies of target nitra_robot_generate_messages_py[0m
[35m[1mScanning dependencies of target nitra_robot_generate_messages_lisp[0m
[35m[1mScanning dependencies of target nitra_robot_generate_messages_nodejs[0m
[ 14%] [32mBuilding CXX object CMakeFiles/control.dir/src/pure_pursuit.cpp.o[0m
[ 14%] Built target nitra_robot_generate_messages_cpp
[ 28%] [34m[1mGenerating EusLisp manifest code for nitra_robot[0m
[ 28%] Built target nitra_robot_generate_messages_nodejs
[ 28%] Built target nitra_robot_generate_messages_lisp
[ 28%] Built target nitra_robot_generate_messages_py
[ 42%] [32mBuilding CXX object CMakeFiles/laserscan2pointcloud.dir/src/laserscan2pointcloud.cpp.o[0m
[ 42%] Built target nitra_robot_generate_messages_eus
[35m[1mScanning dependencies of target nitra_robot_generate_messages[0m
[ 42%] Built target nitra_robot_generate_messages
[ 57%] [32m[1mLinking CXX shared library libcontrol.so[0m
[ 57%] Built target control
[35m[1mScanning dependencies of target controller_node[0m
[ 71%] [32mBuilding CXX object CMakeFiles/controller_node.dir/src/controller_node.cpp.o[0m
[ 85%] [32m[1mLinking CXX executable /home/musashi/work/Nicole/catkin_ws/musashi_minibot_ws/devel/.private/nitra_robot/lib/nitra_robot/laserscan2pointcloud[0m
[ 85%] Built target laserscan2pointcloud
[100%] [32m[1mLinking CXX executable /home/musashi/work/Nicole/catkin_ws/musashi_minibot_ws/devel/.private/nitra_robot/lib/nitra_robot/controller_node[0m
[100%] Built target controller_node
