Symlinking /home/musashi/work/Nicole/catkin_ws/musashi_minibot_ws/devel/lib/pkgconfig/rplidar_ros.pc
Symlinking /home/musashi/work/Nicole/catkin_ws/musashi_minibot_ws/devel/lib/rplidar_ros/rplidarNode
Symlinking /home/musashi/work/Nicole/catkin_ws/musashi_minibot_ws/devel/lib/rplidar_ros/rplidarNodeClient
Symlinking /home/musashi/work/Nicole/catkin_ws/musashi_minibot_ws/devel/share/rplidar_ros/cmake/rplidar_rosConfig.cmake
Symlinking /home/musashi/work/Nicole/catkin_ws/musashi_minibot_ws/devel/share/rplidar_ros/cmake/rplidar_rosConfig-version.cmake
Cleaning: (/home/musashi/Work/Nicole/catkin_ws/musashi_minibot_ws/devel/.private/rplidar_ros/cmake.lock, /home/musashi/Work/Nicole/catkin_ws/musashi_minibot_ws/devel/./cmake.lock)
Cleaning: (/home/musashi/Work/Nicole/catkin_ws/musashi_minibot_ws/devel/.private/rplidar_ros/lib/pkgconfig/rplidar_ros.pc, /home/musashi/Work/Nicole/catkin_ws/musashi_minibot_ws/devel/lib/pkgconfig/rplidar_ros.pc)
Cleaning: (/home/musashi/Work/Nicole/catkin_ws/musashi_minibot_ws/devel/.private/rplidar_ros/lib/rplidar_ros/rplidarNode, /home/musashi/Work/Nicole/catkin_ws/musashi_minibot_ws/devel/lib/rplidar_ros/rplidarNode)
Cleaning: (/home/musashi/Work/Nicole/catkin_ws/musashi_minibot_ws/devel/.private/rplidar_ros/lib/rplidar_ros/rplidarNodeClient, /home/musashi/Work/Nicole/catkin_ws/musashi_minibot_ws/devel/lib/rplidar_ros/rplidarNodeClient)
Cleaning: (/home/musashi/Work/Nicole/catkin_ws/musashi_minibot_ws/devel/.private/rplidar_ros/share/rplidar_ros/cmake/rplidar_rosConfig.cmake, /home/musashi/Work/Nicole/catkin_ws/musashi_minibot_ws/devel/share/rplidar_ros/cmake/rplidar_rosConfig.cmake)
Cleaning: (/home/musashi/Work/Nicole/catkin_ws/musashi_minibot_ws/devel/.private/rplidar_ros/share/rplidar_ros/cmake/rplidar_rosConfig-version.cmake, /home/musashi/Work/Nicole/catkin_ws/musashi_minibot_ws/devel/share/rplidar_ros/cmake/rplidar_rosConfig-version.cmake)
Unlinking: /home/musashi/Work/Nicole/catkin_ws/musashi_minibot_ws/devel/lib/pkgconfig/rplidar_ros.pc
Already unlinked: {}
Unlinking: /home/musashi/Work/Nicole/catkin_ws/musashi_minibot_ws/devel/lib/rplidar_ros/rplidarNode
Already unlinked: {}
Unlinking: /home/musashi/Work/Nicole/catkin_ws/musashi_minibot_ws/devel/lib/rplidar_ros/rplidarNodeClient
Already unlinked: {}
Unlinking: /home/musashi/Work/Nicole/catkin_ws/musashi_minibot_ws/devel/share/rplidar_ros/cmake/rplidar_rosConfig.cmake
Already unlinked: {}
Unlinking: /home/musashi/Work/Nicole/catkin_ws/musashi_minibot_ws/devel/share/rplidar_ros/cmake/rplidar_rosConfig-version.cmake
Already unlinked: {}
