Performing C SOURCE FILE Test CMAKE_HAVE_LIBC_PTHREAD failed with the following output:
Change Dir: /home/musashi/Work/Nicole/catkin_ws/cartographer_ws/build_isolated/cartographer_ros/CMakeFiles/CMakeTmp

Run Build Command(s):/usr/bin/ninja cmTC_9dbc1 && [1/2] Building C object CMakeFiles/cmTC_9dbc1.dir/src.c.o
[2/2] Linking C executable cmTC_9dbc1
FAILED: cmTC_9dbc1 
: && /usr/bin/cc -DCMAKE_HAVE_LIBC_PTHREAD  -rdynamic CMakeFiles/cmTC_9dbc1.dir/src.c.o  -o cmTC_9dbc1   && :
/usr/bin/ld: CMakeFiles/cmTC_9dbc1.dir/src.c.o: in function `main':
src.c:(.text+0x46): undefined reference to `pthread_create'
/usr/bin/ld: src.c:(.text+0x52): undefined reference to `pthread_detach'
/usr/bin/ld: src.c:(.text+0x63): undefined reference to `pthread_join'
collect2: error: ld returned 1 exit status
ninja: build stopped: subcommand failed.


Source file was:
#include <pthread.h>

void* test_func(void* data)
{
  return data;
}

int main(void)
{
  pthread_t thread;
  pthread_create(&thread, NULL, test_func, NULL);
  pthread_detach(thread);
  pthread_join(thread, NULL);
  pthread_atfork(NULL, NULL, NULL);
  pthread_exit(NULL);

  return 0;
}

Determining if the function pthread_create exists in the pthreads failed with the following output:
Change Dir: /home/musashi/Work/Nicole/catkin_ws/cartographer_ws/build_isolated/cartographer_ros/CMakeFiles/CMakeTmp

Run Build Command(s):/usr/bin/ninja cmTC_f7532 && [1/2] Building C object CMakeFiles/cmTC_f7532.dir/CheckFunctionExists.c.o
[2/2] Linking C executable cmTC_f7532
FAILED: cmTC_f7532 
: && /usr/bin/cc -DCHECK_FUNCTION_EXISTS=pthread_create  -rdynamic CMakeFiles/cmTC_f7532.dir/CheckFunctionExists.c.o  -o cmTC_f7532  -lpthreads && :
/usr/bin/ld: cannot find -lpthreads
collect2: error: ld returned 1 exit status
ninja: build stopped: subcommand failed.



Determining if the function sgemm_ exists failed with the following output:
Change Dir: /home/musashi/Work/Nicole/catkin_ws/cartographer_ws/build_isolated/cartographer_ros/CMakeFiles/CMakeTmp

Run Build Command(s):/usr/bin/ninja cmTC_e5324 && [1/2] Building C object CMakeFiles/cmTC_e5324.dir/CheckFunctionExists.c.o
[2/2] Linking C executable cmTC_e5324
FAILED: cmTC_e5324 
: && /usr/bin/cc -DCHECK_FUNCTION_EXISTS=sgemm_  -rdynamic CMakeFiles/cmTC_e5324.dir/CheckFunctionExists.c.o  -o cmTC_e5324   && :
/usr/bin/ld: CMakeFiles/cmTC_e5324.dir/CheckFunctionExists.c.o: in function `main':
CheckFunctionExists.c:(.text+0x14): undefined reference to `sgemm_'
collect2: error: ld returned 1 exit status
ninja: build stopped: subcommand failed.



