Linked: (/home/musashi/work/Nicole/catkin_ws/musashi_minibot_ws/devel/.private/sdv_msgs/lib/pkgconfig/sdv_msgs.pc, /home/musashi/work/Nicole/catkin_ws/musashi_minibot_ws/devel/lib/pkgconfig/sdv_msgs.pc)
Linked: (/home/musashi/work/Nicole/catkin_ws/musashi_minibot_ws/devel/.private/sdv_msgs/lib/python3/dist-packages/sdv_msgs/__init__.py, /home/musashi/work/Nicole/catkin_ws/musashi_minibot_ws/devel/lib/python3/dist-packages/sdv_msgs/__init__.py)
Linked: (/home/musashi/work/Nicole/catkin_ws/musashi_minibot_ws/devel/.private/sdv_msgs/lib/python3/dist-packages/sdv_msgs/srv/_TrajectoryFlags.py, /home/musashi/work/Nicole/catkin_ws/musashi_minibot_ws/devel/lib/python3/dist-packages/sdv_msgs/srv/_TrajectoryFlags.py)
Linked: (/home/musashi/work/Nicole/catkin_ws/musashi_minibot_ws/devel/.private/sdv_msgs/lib/python3/dist-packages/sdv_msgs/srv/__init__.py, /home/musashi/work/Nicole/catkin_ws/musashi_minibot_ws/devel/lib/python3/dist-packages/sdv_msgs/srv/__init__.py)
Linked: (/home/musashi/work/Nicole/catkin_ws/musashi_minibot_ws/devel/.private/sdv_msgs/lib/python3/dist-packages/sdv_msgs/msg/_TrajectoryPoint.py, /home/musashi/work/Nicole/catkin_ws/musashi_minibot_ws/devel/lib/python3/dist-packages/sdv_msgs/msg/_TrajectoryPoint.py)
Linked: (/home/musashi/work/Nicole/catkin_ws/musashi_minibot_ws/devel/.private/sdv_msgs/lib/python3/dist-packages/sdv_msgs/msg/__init__.py, /home/musashi/work/Nicole/catkin_ws/musashi_minibot_ws/devel/lib/python3/dist-packages/sdv_msgs/msg/__init__.py)
Linked: (/home/musashi/work/Nicole/catkin_ws/musashi_minibot_ws/devel/.private/sdv_msgs/lib/python3/dist-packages/sdv_msgs/msg/_Trajectory.py, /home/musashi/work/Nicole/catkin_ws/musashi_minibot_ws/devel/lib/python3/dist-packages/sdv_msgs/msg/_Trajectory.py)
Linked: (/home/musashi/work/Nicole/catkin_ws/musashi_minibot_ws/devel/.private/sdv_msgs/include/sdv_msgs/TrajectoryFlagsRequest.h, /home/musashi/work/Nicole/catkin_ws/musashi_minibot_ws/devel/include/sdv_msgs/TrajectoryFlagsRequest.h)
Linked: (/home/musashi/work/Nicole/catkin_ws/musashi_minibot_ws/devel/.private/sdv_msgs/include/sdv_msgs/Trajectory.h, /home/musashi/work/Nicole/catkin_ws/musashi_minibot_ws/devel/include/sdv_msgs/Trajectory.h)
Linked: (/home/musashi/work/Nicole/catkin_ws/musashi_minibot_ws/devel/.private/sdv_msgs/include/sdv_msgs/TrajectoryPoint.h, /home/musashi/work/Nicole/catkin_ws/musashi_minibot_ws/devel/include/sdv_msgs/TrajectoryPoint.h)
Linked: (/home/musashi/work/Nicole/catkin_ws/musashi_minibot_ws/devel/.private/sdv_msgs/include/sdv_msgs/TrajectoryFlagsResponse.h, /home/musashi/work/Nicole/catkin_ws/musashi_minibot_ws/devel/include/sdv_msgs/TrajectoryFlagsResponse.h)
Linked: (/home/musashi/work/Nicole/catkin_ws/musashi_minibot_ws/devel/.private/sdv_msgs/include/sdv_msgs/TrajectoryFlags.h, /home/musashi/work/Nicole/catkin_ws/musashi_minibot_ws/devel/include/sdv_msgs/TrajectoryFlags.h)
Linked: (/home/musashi/work/Nicole/catkin_ws/musashi_minibot_ws/devel/.private/sdv_msgs/share/common-lisp/ros/sdv_msgs/srv/_package_TrajectoryFlags.lisp, /home/musashi/work/Nicole/catkin_ws/musashi_minibot_ws/devel/share/common-lisp/ros/sdv_msgs/srv/_package_TrajectoryFlags.lisp)
Linked: (/home/musashi/work/Nicole/catkin_ws/musashi_minibot_ws/devel/.private/sdv_msgs/share/common-lisp/ros/sdv_msgs/srv/sdv_msgs-srv.asd, /home/musashi/work/Nicole/catkin_ws/musashi_minibot_ws/devel/share/common-lisp/ros/sdv_msgs/srv/sdv_msgs-srv.asd)
Linked: (/home/musashi/work/Nicole/catkin_ws/musashi_minibot_ws/devel/.private/sdv_msgs/share/common-lisp/ros/sdv_msgs/srv/_package.lisp, /home/musashi/work/Nicole/catkin_ws/musashi_minibot_ws/devel/share/common-lisp/ros/sdv_msgs/srv/_package.lisp)
Linked: (/home/musashi/work/Nicole/catkin_ws/musashi_minibot_ws/devel/.private/sdv_msgs/share/common-lisp/ros/sdv_msgs/srv/TrajectoryFlags.lisp, /home/musashi/work/Nicole/catkin_ws/musashi_minibot_ws/devel/share/common-lisp/ros/sdv_msgs/srv/TrajectoryFlags.lisp)
Linked: (/home/musashi/work/Nicole/catkin_ws/musashi_minibot_ws/devel/.private/sdv_msgs/share/common-lisp/ros/sdv_msgs/msg/Trajectory.lisp, /home/musashi/work/Nicole/catkin_ws/musashi_minibot_ws/devel/share/common-lisp/ros/sdv_msgs/msg/Trajectory.lisp)
Linked: (/home/musashi/work/Nicole/catkin_ws/musashi_minibot_ws/devel/.private/sdv_msgs/share/common-lisp/ros/sdv_msgs/msg/_package_TrajectoryPoint.lisp, /home/musashi/work/Nicole/catkin_ws/musashi_minibot_ws/devel/share/common-lisp/ros/sdv_msgs/msg/_package_TrajectoryPoint.lisp)
Linked: (/home/musashi/work/Nicole/catkin_ws/musashi_minibot_ws/devel/.private/sdv_msgs/share/common-lisp/ros/sdv_msgs/msg/TrajectoryPoint.lisp, /home/musashi/work/Nicole/catkin_ws/musashi_minibot_ws/devel/share/common-lisp/ros/sdv_msgs/msg/TrajectoryPoint.lisp)
Linked: (/home/musashi/work/Nicole/catkin_ws/musashi_minibot_ws/devel/.private/sdv_msgs/share/common-lisp/ros/sdv_msgs/msg/_package_Trajectory.lisp, /home/musashi/work/Nicole/catkin_ws/musashi_minibot_ws/devel/share/common-lisp/ros/sdv_msgs/msg/_package_Trajectory.lisp)
Linked: (/home/musashi/work/Nicole/catkin_ws/musashi_minibot_ws/devel/.private/sdv_msgs/share/common-lisp/ros/sdv_msgs/msg/_package.lisp, /home/musashi/work/Nicole/catkin_ws/musashi_minibot_ws/devel/share/common-lisp/ros/sdv_msgs/msg/_package.lisp)
Linked: (/home/musashi/work/Nicole/catkin_ws/musashi_minibot_ws/devel/.private/sdv_msgs/share/common-lisp/ros/sdv_msgs/msg/sdv_msgs-msg.asd, /home/musashi/work/Nicole/catkin_ws/musashi_minibot_ws/devel/share/common-lisp/ros/sdv_msgs/msg/sdv_msgs-msg.asd)
Linked: (/home/musashi/work/Nicole/catkin_ws/musashi_minibot_ws/devel/.private/sdv_msgs/share/gennodejs/ros/sdv_msgs/_index.js, /home/musashi/work/Nicole/catkin_ws/musashi_minibot_ws/devel/share/gennodejs/ros/sdv_msgs/_index.js)
Linked: (/home/musashi/work/Nicole/catkin_ws/musashi_minibot_ws/devel/.private/sdv_msgs/share/gennodejs/ros/sdv_msgs/srv/TrajectoryFlags.js, /home/musashi/work/Nicole/catkin_ws/musashi_minibot_ws/devel/share/gennodejs/ros/sdv_msgs/srv/TrajectoryFlags.js)
Linked: (/home/musashi/work/Nicole/catkin_ws/musashi_minibot_ws/devel/.private/sdv_msgs/share/gennodejs/ros/sdv_msgs/srv/_index.js, /home/musashi/work/Nicole/catkin_ws/musashi_minibot_ws/devel/share/gennodejs/ros/sdv_msgs/srv/_index.js)
Linked: (/home/musashi/work/Nicole/catkin_ws/musashi_minibot_ws/devel/.private/sdv_msgs/share/gennodejs/ros/sdv_msgs/msg/TrajectoryPoint.js, /home/musashi/work/Nicole/catkin_ws/musashi_minibot_ws/devel/share/gennodejs/ros/sdv_msgs/msg/TrajectoryPoint.js)
Linked: (/home/musashi/work/Nicole/catkin_ws/musashi_minibot_ws/devel/.private/sdv_msgs/share/gennodejs/ros/sdv_msgs/msg/Trajectory.js, /home/musashi/work/Nicole/catkin_ws/musashi_minibot_ws/devel/share/gennodejs/ros/sdv_msgs/msg/Trajectory.js)
Linked: (/home/musashi/work/Nicole/catkin_ws/musashi_minibot_ws/devel/.private/sdv_msgs/share/gennodejs/ros/sdv_msgs/msg/_index.js, /home/musashi/work/Nicole/catkin_ws/musashi_minibot_ws/devel/share/gennodejs/ros/sdv_msgs/msg/_index.js)
Linked: (/home/musashi/work/Nicole/catkin_ws/musashi_minibot_ws/devel/.private/sdv_msgs/share/roseus/ros/sdv_msgs/manifest.l, /home/musashi/work/Nicole/catkin_ws/musashi_minibot_ws/devel/share/roseus/ros/sdv_msgs/manifest.l)
Linked: (/home/musashi/work/Nicole/catkin_ws/musashi_minibot_ws/devel/.private/sdv_msgs/share/roseus/ros/sdv_msgs/srv/TrajectoryFlags.l, /home/musashi/work/Nicole/catkin_ws/musashi_minibot_ws/devel/share/roseus/ros/sdv_msgs/srv/TrajectoryFlags.l)
Linked: (/home/musashi/work/Nicole/catkin_ws/musashi_minibot_ws/devel/.private/sdv_msgs/share/roseus/ros/sdv_msgs/msg/TrajectoryPoint.l, /home/musashi/work/Nicole/catkin_ws/musashi_minibot_ws/devel/share/roseus/ros/sdv_msgs/msg/TrajectoryPoint.l)
Linked: (/home/musashi/work/Nicole/catkin_ws/musashi_minibot_ws/devel/.private/sdv_msgs/share/roseus/ros/sdv_msgs/msg/Trajectory.l, /home/musashi/work/Nicole/catkin_ws/musashi_minibot_ws/devel/share/roseus/ros/sdv_msgs/msg/Trajectory.l)
Linked: (/home/musashi/work/Nicole/catkin_ws/musashi_minibot_ws/devel/.private/sdv_msgs/share/sdv_msgs/cmake/sdv_msgs-msg-paths.cmake, /home/musashi/work/Nicole/catkin_ws/musashi_minibot_ws/devel/share/sdv_msgs/cmake/sdv_msgs-msg-paths.cmake)
Linked: (/home/musashi/work/Nicole/catkin_ws/musashi_minibot_ws/devel/.private/sdv_msgs/share/sdv_msgs/cmake/sdv_msgsConfig.cmake, /home/musashi/work/Nicole/catkin_ws/musashi_minibot_ws/devel/share/sdv_msgs/cmake/sdv_msgsConfig.cmake)
Linked: (/home/musashi/work/Nicole/catkin_ws/musashi_minibot_ws/devel/.private/sdv_msgs/share/sdv_msgs/cmake/sdv_msgs-msg-extras.cmake, /home/musashi/work/Nicole/catkin_ws/musashi_minibot_ws/devel/share/sdv_msgs/cmake/sdv_msgs-msg-extras.cmake)
Linked: (/home/musashi/work/Nicole/catkin_ws/musashi_minibot_ws/devel/.private/sdv_msgs/share/sdv_msgs/cmake/sdv_msgsConfig-version.cmake, /home/musashi/work/Nicole/catkin_ws/musashi_minibot_ws/devel/share/sdv_msgs/cmake/sdv_msgsConfig-version.cmake)
