Symlinking /home/musashi/work/Nicole/catkin_ws/musashi_minibot_ws/devel/lib/pkgconfig/sdv_msgs.pc
Symlinking /home/musashi/work/Nicole/catkin_ws/musashi_minibot_ws/devel/lib/python3/dist-packages/sdv_msgs/__init__.py
Symlinking /home/musashi/work/Nicole/catkin_ws/musashi_minibot_ws/devel/lib/python3/dist-packages/sdv_msgs/srv/_TrajectoryFlags.py
Symlinking /home/musashi/work/Nicole/catkin_ws/musashi_minibot_ws/devel/lib/python3/dist-packages/sdv_msgs/srv/__init__.py
Symlinking /home/musashi/work/Nicole/catkin_ws/musashi_minibot_ws/devel/lib/python3/dist-packages/sdv_msgs/msg/_TrajectoryPoint.py
Symlinking /home/musashi/work/Nicole/catkin_ws/musashi_minibot_ws/devel/lib/python3/dist-packages/sdv_msgs/msg/__init__.py
Symlinking /home/musashi/work/Nicole/catkin_ws/musashi_minibot_ws/devel/lib/python3/dist-packages/sdv_msgs/msg/_Trajectory.py
Symlinking /home/musashi/work/Nicole/catkin_ws/musashi_minibot_ws/devel/include/sdv_msgs/TrajectoryFlagsRequest.h
Symlinking /home/musashi/work/Nicole/catkin_ws/musashi_minibot_ws/devel/include/sdv_msgs/Trajectory.h
Symlinking /home/musashi/work/Nicole/catkin_ws/musashi_minibot_ws/devel/include/sdv_msgs/TrajectoryPoint.h
Symlinking /home/musashi/work/Nicole/catkin_ws/musashi_minibot_ws/devel/include/sdv_msgs/TrajectoryFlagsResponse.h
Symlinking /home/musashi/work/Nicole/catkin_ws/musashi_minibot_ws/devel/include/sdv_msgs/TrajectoryFlags.h
Symlinking /home/musashi/work/Nicole/catkin_ws/musashi_minibot_ws/devel/share/common-lisp/ros/sdv_msgs/srv/_package_TrajectoryFlags.lisp
Symlinking /home/musashi/work/Nicole/catkin_ws/musashi_minibot_ws/devel/share/common-lisp/ros/sdv_msgs/srv/sdv_msgs-srv.asd
Symlinking /home/musashi/work/Nicole/catkin_ws/musashi_minibot_ws/devel/share/common-lisp/ros/sdv_msgs/srv/_package.lisp
Symlinking /home/musashi/work/Nicole/catkin_ws/musashi_minibot_ws/devel/share/common-lisp/ros/sdv_msgs/srv/TrajectoryFlags.lisp
Symlinking /home/musashi/work/Nicole/catkin_ws/musashi_minibot_ws/devel/share/common-lisp/ros/sdv_msgs/msg/Trajectory.lisp
Symlinking /home/musashi/work/Nicole/catkin_ws/musashi_minibot_ws/devel/share/common-lisp/ros/sdv_msgs/msg/_package_TrajectoryPoint.lisp
Symlinking /home/musashi/work/Nicole/catkin_ws/musashi_minibot_ws/devel/share/common-lisp/ros/sdv_msgs/msg/TrajectoryPoint.lisp
Symlinking /home/musashi/work/Nicole/catkin_ws/musashi_minibot_ws/devel/share/common-lisp/ros/sdv_msgs/msg/_package_Trajectory.lisp
Symlinking /home/musashi/work/Nicole/catkin_ws/musashi_minibot_ws/devel/share/common-lisp/ros/sdv_msgs/msg/_package.lisp
Symlinking /home/musashi/work/Nicole/catkin_ws/musashi_minibot_ws/devel/share/common-lisp/ros/sdv_msgs/msg/sdv_msgs-msg.asd
Symlinking /home/musashi/work/Nicole/catkin_ws/musashi_minibot_ws/devel/share/gennodejs/ros/sdv_msgs/_index.js
Symlinking /home/musashi/work/Nicole/catkin_ws/musashi_minibot_ws/devel/share/gennodejs/ros/sdv_msgs/srv/TrajectoryFlags.js
Symlinking /home/musashi/work/Nicole/catkin_ws/musashi_minibot_ws/devel/share/gennodejs/ros/sdv_msgs/srv/_index.js
Symlinking /home/musashi/work/Nicole/catkin_ws/musashi_minibot_ws/devel/share/gennodejs/ros/sdv_msgs/msg/TrajectoryPoint.js
Symlinking /home/musashi/work/Nicole/catkin_ws/musashi_minibot_ws/devel/share/gennodejs/ros/sdv_msgs/msg/Trajectory.js
Symlinking /home/musashi/work/Nicole/catkin_ws/musashi_minibot_ws/devel/share/gennodejs/ros/sdv_msgs/msg/_index.js
Symlinking /home/musashi/work/Nicole/catkin_ws/musashi_minibot_ws/devel/share/roseus/ros/sdv_msgs/manifest.l
Symlinking /home/musashi/work/Nicole/catkin_ws/musashi_minibot_ws/devel/share/roseus/ros/sdv_msgs/srv/TrajectoryFlags.l
Symlinking /home/musashi/work/Nicole/catkin_ws/musashi_minibot_ws/devel/share/roseus/ros/sdv_msgs/msg/TrajectoryPoint.l
Symlinking /home/musashi/work/Nicole/catkin_ws/musashi_minibot_ws/devel/share/roseus/ros/sdv_msgs/msg/Trajectory.l
Symlinking /home/musashi/work/Nicole/catkin_ws/musashi_minibot_ws/devel/share/sdv_msgs/cmake/sdv_msgs-msg-paths.cmake
Symlinking /home/musashi/work/Nicole/catkin_ws/musashi_minibot_ws/devel/share/sdv_msgs/cmake/sdv_msgsConfig.cmake
Symlinking /home/musashi/work/Nicole/catkin_ws/musashi_minibot_ws/devel/share/sdv_msgs/cmake/sdv_msgs-msg-extras.cmake
Symlinking /home/musashi/work/Nicole/catkin_ws/musashi_minibot_ws/devel/share/sdv_msgs/cmake/sdv_msgsConfig-version.cmake
Cleaning: (/home/musashi/Work/Nicole/catkin_ws/musashi_minibot_ws/devel/.private/sdv_msgs/cmake.lock, /home/musashi/Work/Nicole/catkin_ws/musashi_minibot_ws/devel/./cmake.lock)
Cleaning: (/home/musashi/Work/Nicole/catkin_ws/musashi_minibot_ws/devel/.private/sdv_msgs/lib/pkgconfig/sdv_msgs.pc, /home/musashi/Work/Nicole/catkin_ws/musashi_minibot_ws/devel/lib/pkgconfig/sdv_msgs.pc)
Cleaning: (/home/musashi/Work/Nicole/catkin_ws/musashi_minibot_ws/devel/.private/sdv_msgs/lib/python3/dist-packages/sdv_msgs/__init__.py, /home/musashi/Work/Nicole/catkin_ws/musashi_minibot_ws/devel/lib/python3/dist-packages/sdv_msgs/__init__.py)
Cleaning: (/home/musashi/Work/Nicole/catkin_ws/musashi_minibot_ws/devel/.private/sdv_msgs/lib/python3/dist-packages/sdv_msgs/srv/_TrajectoryFlags.py, /home/musashi/Work/Nicole/catkin_ws/musashi_minibot_ws/devel/lib/python3/dist-packages/sdv_msgs/srv/_TrajectoryFlags.py)
Cleaning: (/home/musashi/Work/Nicole/catkin_ws/musashi_minibot_ws/devel/.private/sdv_msgs/lib/python3/dist-packages/sdv_msgs/srv/__init__.py, /home/musashi/Work/Nicole/catkin_ws/musashi_minibot_ws/devel/lib/python3/dist-packages/sdv_msgs/srv/__init__.py)
Cleaning: (/home/musashi/Work/Nicole/catkin_ws/musashi_minibot_ws/devel/.private/sdv_msgs/lib/python3/dist-packages/sdv_msgs/msg/_TrajectoryPoint.py, /home/musashi/Work/Nicole/catkin_ws/musashi_minibot_ws/devel/lib/python3/dist-packages/sdv_msgs/msg/_TrajectoryPoint.py)
Cleaning: (/home/musashi/Work/Nicole/catkin_ws/musashi_minibot_ws/devel/.private/sdv_msgs/lib/python3/dist-packages/sdv_msgs/msg/__init__.py, /home/musashi/Work/Nicole/catkin_ws/musashi_minibot_ws/devel/lib/python3/dist-packages/sdv_msgs/msg/__init__.py)
Cleaning: (/home/musashi/Work/Nicole/catkin_ws/musashi_minibot_ws/devel/.private/sdv_msgs/lib/python3/dist-packages/sdv_msgs/msg/_Trajectory.py, /home/musashi/Work/Nicole/catkin_ws/musashi_minibot_ws/devel/lib/python3/dist-packages/sdv_msgs/msg/_Trajectory.py)
Cleaning: (/home/musashi/Work/Nicole/catkin_ws/musashi_minibot_ws/devel/.private/sdv_msgs/include/sdv_msgs/TrajectoryFlagsRequest.h, /home/musashi/Work/Nicole/catkin_ws/musashi_minibot_ws/devel/include/sdv_msgs/TrajectoryFlagsRequest.h)
Cleaning: (/home/musashi/Work/Nicole/catkin_ws/musashi_minibot_ws/devel/.private/sdv_msgs/include/sdv_msgs/Trajectory.h, /home/musashi/Work/Nicole/catkin_ws/musashi_minibot_ws/devel/include/sdv_msgs/Trajectory.h)
Cleaning: (/home/musashi/Work/Nicole/catkin_ws/musashi_minibot_ws/devel/.private/sdv_msgs/include/sdv_msgs/TrajectoryPoint.h, /home/musashi/Work/Nicole/catkin_ws/musashi_minibot_ws/devel/include/sdv_msgs/TrajectoryPoint.h)
Cleaning: (/home/musashi/Work/Nicole/catkin_ws/musashi_minibot_ws/devel/.private/sdv_msgs/include/sdv_msgs/TrajectoryFlagsResponse.h, /home/musashi/Work/Nicole/catkin_ws/musashi_minibot_ws/devel/include/sdv_msgs/TrajectoryFlagsResponse.h)
Cleaning: (/home/musashi/Work/Nicole/catkin_ws/musashi_minibot_ws/devel/.private/sdv_msgs/include/sdv_msgs/TrajectoryFlags.h, /home/musashi/Work/Nicole/catkin_ws/musashi_minibot_ws/devel/include/sdv_msgs/TrajectoryFlags.h)
Cleaning: (/home/musashi/Work/Nicole/catkin_ws/musashi_minibot_ws/devel/.private/sdv_msgs/share/common-lisp/ros/sdv_msgs/srv/_package_TrajectoryFlags.lisp, /home/musashi/Work/Nicole/catkin_ws/musashi_minibot_ws/devel/share/common-lisp/ros/sdv_msgs/srv/_package_TrajectoryFlags.lisp)
Cleaning: (/home/musashi/Work/Nicole/catkin_ws/musashi_minibot_ws/devel/.private/sdv_msgs/share/common-lisp/ros/sdv_msgs/srv/sdv_msgs-srv.asd, /home/musashi/Work/Nicole/catkin_ws/musashi_minibot_ws/devel/share/common-lisp/ros/sdv_msgs/srv/sdv_msgs-srv.asd)
Cleaning: (/home/musashi/Work/Nicole/catkin_ws/musashi_minibot_ws/devel/.private/sdv_msgs/share/common-lisp/ros/sdv_msgs/srv/_package.lisp, /home/musashi/Work/Nicole/catkin_ws/musashi_minibot_ws/devel/share/common-lisp/ros/sdv_msgs/srv/_package.lisp)
Cleaning: (/home/musashi/Work/Nicole/catkin_ws/musashi_minibot_ws/devel/.private/sdv_msgs/share/common-lisp/ros/sdv_msgs/srv/TrajectoryFlags.lisp, /home/musashi/Work/Nicole/catkin_ws/musashi_minibot_ws/devel/share/common-lisp/ros/sdv_msgs/srv/TrajectoryFlags.lisp)
Cleaning: (/home/musashi/Work/Nicole/catkin_ws/musashi_minibot_ws/devel/.private/sdv_msgs/share/common-lisp/ros/sdv_msgs/msg/Trajectory.lisp, /home/musashi/Work/Nicole/catkin_ws/musashi_minibot_ws/devel/share/common-lisp/ros/sdv_msgs/msg/Trajectory.lisp)
Cleaning: (/home/musashi/Work/Nicole/catkin_ws/musashi_minibot_ws/devel/.private/sdv_msgs/share/common-lisp/ros/sdv_msgs/msg/_package_TrajectoryPoint.lisp, /home/musashi/Work/Nicole/catkin_ws/musashi_minibot_ws/devel/share/common-lisp/ros/sdv_msgs/msg/_package_TrajectoryPoint.lisp)
Cleaning: (/home/musashi/Work/Nicole/catkin_ws/musashi_minibot_ws/devel/.private/sdv_msgs/share/common-lisp/ros/sdv_msgs/msg/TrajectoryPoint.lisp, /home/musashi/Work/Nicole/catkin_ws/musashi_minibot_ws/devel/share/common-lisp/ros/sdv_msgs/msg/TrajectoryPoint.lisp)
Cleaning: (/home/musashi/Work/Nicole/catkin_ws/musashi_minibot_ws/devel/.private/sdv_msgs/share/common-lisp/ros/sdv_msgs/msg/_package_Trajectory.lisp, /home/musashi/Work/Nicole/catkin_ws/musashi_minibot_ws/devel/share/common-lisp/ros/sdv_msgs/msg/_package_Trajectory.lisp)
Cleaning: (/home/musashi/Work/Nicole/catkin_ws/musashi_minibot_ws/devel/.private/sdv_msgs/share/common-lisp/ros/sdv_msgs/msg/_package.lisp, /home/musashi/Work/Nicole/catkin_ws/musashi_minibot_ws/devel/share/common-lisp/ros/sdv_msgs/msg/_package.lisp)
Cleaning: (/home/musashi/Work/Nicole/catkin_ws/musashi_minibot_ws/devel/.private/sdv_msgs/share/common-lisp/ros/sdv_msgs/msg/sdv_msgs-msg.asd, /home/musashi/Work/Nicole/catkin_ws/musashi_minibot_ws/devel/share/common-lisp/ros/sdv_msgs/msg/sdv_msgs-msg.asd)
Cleaning: (/home/musashi/Work/Nicole/catkin_ws/musashi_minibot_ws/devel/.private/sdv_msgs/share/gennodejs/ros/sdv_msgs/_index.js, /home/musashi/Work/Nicole/catkin_ws/musashi_minibot_ws/devel/share/gennodejs/ros/sdv_msgs/_index.js)
Cleaning: (/home/musashi/Work/Nicole/catkin_ws/musashi_minibot_ws/devel/.private/sdv_msgs/share/gennodejs/ros/sdv_msgs/srv/TrajectoryFlags.js, /home/musashi/Work/Nicole/catkin_ws/musashi_minibot_ws/devel/share/gennodejs/ros/sdv_msgs/srv/TrajectoryFlags.js)
Cleaning: (/home/musashi/Work/Nicole/catkin_ws/musashi_minibot_ws/devel/.private/sdv_msgs/share/gennodejs/ros/sdv_msgs/srv/_index.js, /home/musashi/Work/Nicole/catkin_ws/musashi_minibot_ws/devel/share/gennodejs/ros/sdv_msgs/srv/_index.js)
Cleaning: (/home/musashi/Work/Nicole/catkin_ws/musashi_minibot_ws/devel/.private/sdv_msgs/share/gennodejs/ros/sdv_msgs/msg/TrajectoryPoint.js, /home/musashi/Work/Nicole/catkin_ws/musashi_minibot_ws/devel/share/gennodejs/ros/sdv_msgs/msg/TrajectoryPoint.js)
Cleaning: (/home/musashi/Work/Nicole/catkin_ws/musashi_minibot_ws/devel/.private/sdv_msgs/share/gennodejs/ros/sdv_msgs/msg/Trajectory.js, /home/musashi/Work/Nicole/catkin_ws/musashi_minibot_ws/devel/share/gennodejs/ros/sdv_msgs/msg/Trajectory.js)
Cleaning: (/home/musashi/Work/Nicole/catkin_ws/musashi_minibot_ws/devel/.private/sdv_msgs/share/gennodejs/ros/sdv_msgs/msg/_index.js, /home/musashi/Work/Nicole/catkin_ws/musashi_minibot_ws/devel/share/gennodejs/ros/sdv_msgs/msg/_index.js)
Cleaning: (/home/musashi/Work/Nicole/catkin_ws/musashi_minibot_ws/devel/.private/sdv_msgs/share/roseus/ros/sdv_msgs/manifest.l, /home/musashi/Work/Nicole/catkin_ws/musashi_minibot_ws/devel/share/roseus/ros/sdv_msgs/manifest.l)
Cleaning: (/home/musashi/Work/Nicole/catkin_ws/musashi_minibot_ws/devel/.private/sdv_msgs/share/roseus/ros/sdv_msgs/srv/TrajectoryFlags.l, /home/musashi/Work/Nicole/catkin_ws/musashi_minibot_ws/devel/share/roseus/ros/sdv_msgs/srv/TrajectoryFlags.l)
Cleaning: (/home/musashi/Work/Nicole/catkin_ws/musashi_minibot_ws/devel/.private/sdv_msgs/share/roseus/ros/sdv_msgs/msg/TrajectoryPoint.l, /home/musashi/Work/Nicole/catkin_ws/musashi_minibot_ws/devel/share/roseus/ros/sdv_msgs/msg/TrajectoryPoint.l)
Cleaning: (/home/musashi/Work/Nicole/catkin_ws/musashi_minibot_ws/devel/.private/sdv_msgs/share/roseus/ros/sdv_msgs/msg/Trajectory.l, /home/musashi/Work/Nicole/catkin_ws/musashi_minibot_ws/devel/share/roseus/ros/sdv_msgs/msg/Trajectory.l)
Cleaning: (/home/musashi/Work/Nicole/catkin_ws/musashi_minibot_ws/devel/.private/sdv_msgs/share/sdv_msgs/cmake/sdv_msgs-msg-paths.cmake, /home/musashi/Work/Nicole/catkin_ws/musashi_minibot_ws/devel/share/sdv_msgs/cmake/sdv_msgs-msg-paths.cmake)
Cleaning: (/home/musashi/Work/Nicole/catkin_ws/musashi_minibot_ws/devel/.private/sdv_msgs/share/sdv_msgs/cmake/sdv_msgsConfig.cmake, /home/musashi/Work/Nicole/catkin_ws/musashi_minibot_ws/devel/share/sdv_msgs/cmake/sdv_msgsConfig.cmake)
Cleaning: (/home/musashi/Work/Nicole/catkin_ws/musashi_minibot_ws/devel/.private/sdv_msgs/share/sdv_msgs/cmake/sdv_msgs-msg-extras.cmake, /home/musashi/Work/Nicole/catkin_ws/musashi_minibot_ws/devel/share/sdv_msgs/cmake/sdv_msgs-msg-extras.cmake)
Cleaning: (/home/musashi/Work/Nicole/catkin_ws/musashi_minibot_ws/devel/.private/sdv_msgs/share/sdv_msgs/cmake/sdv_msgsConfig-version.cmake, /home/musashi/Work/Nicole/catkin_ws/musashi_minibot_ws/devel/share/sdv_msgs/cmake/sdv_msgsConfig-version.cmake)
Unlinking: /home/musashi/Work/Nicole/catkin_ws/musashi_minibot_ws/devel/lib/pkgconfig/sdv_msgs.pc
Already unlinked: {}
Unlinking: /home/musashi/Work/Nicole/catkin_ws/musashi_minibot_ws/devel/lib/python3/dist-packages/sdv_msgs/__init__.py
Already unlinked: {}
Unlinking: /home/musashi/Work/Nicole/catkin_ws/musashi_minibot_ws/devel/lib/python3/dist-packages/sdv_msgs/srv/_TrajectoryFlags.py
Already unlinked: {}
Unlinking: /home/musashi/Work/Nicole/catkin_ws/musashi_minibot_ws/devel/lib/python3/dist-packages/sdv_msgs/srv/__init__.py
Already unlinked: {}
Unlinking: /home/musashi/Work/Nicole/catkin_ws/musashi_minibot_ws/devel/lib/python3/dist-packages/sdv_msgs/msg/_TrajectoryPoint.py
Already unlinked: {}
Unlinking: /home/musashi/Work/Nicole/catkin_ws/musashi_minibot_ws/devel/lib/python3/dist-packages/sdv_msgs/msg/__init__.py
Already unlinked: {}
Unlinking: /home/musashi/Work/Nicole/catkin_ws/musashi_minibot_ws/devel/lib/python3/dist-packages/sdv_msgs/msg/_Trajectory.py
Already unlinked: {}
Unlinking: /home/musashi/Work/Nicole/catkin_ws/musashi_minibot_ws/devel/include/sdv_msgs/TrajectoryFlagsRequest.h
Already unlinked: {}
Unlinking: /home/musashi/Work/Nicole/catkin_ws/musashi_minibot_ws/devel/include/sdv_msgs/Trajectory.h
Already unlinked: {}
Unlinking: /home/musashi/Work/Nicole/catkin_ws/musashi_minibot_ws/devel/include/sdv_msgs/TrajectoryPoint.h
Already unlinked: {}
Unlinking: /home/musashi/Work/Nicole/catkin_ws/musashi_minibot_ws/devel/include/sdv_msgs/TrajectoryFlagsResponse.h
Already unlinked: {}
Unlinking: /home/musashi/Work/Nicole/catkin_ws/musashi_minibot_ws/devel/include/sdv_msgs/TrajectoryFlags.h
Already unlinked: {}
Unlinking: /home/musashi/Work/Nicole/catkin_ws/musashi_minibot_ws/devel/share/common-lisp/ros/sdv_msgs/srv/_package_TrajectoryFlags.lisp
Already unlinked: {}
Unlinking: /home/musashi/Work/Nicole/catkin_ws/musashi_minibot_ws/devel/share/common-lisp/ros/sdv_msgs/srv/sdv_msgs-srv.asd
Already unlinked: {}
Unlinking: /home/musashi/Work/Nicole/catkin_ws/musashi_minibot_ws/devel/share/common-lisp/ros/sdv_msgs/srv/_package.lisp
Already unlinked: {}
Unlinking: /home/musashi/Work/Nicole/catkin_ws/musashi_minibot_ws/devel/share/common-lisp/ros/sdv_msgs/srv/TrajectoryFlags.lisp
Already unlinked: {}
Unlinking: /home/musashi/Work/Nicole/catkin_ws/musashi_minibot_ws/devel/share/common-lisp/ros/sdv_msgs/msg/Trajectory.lisp
Already unlinked: {}
Unlinking: /home/musashi/Work/Nicole/catkin_ws/musashi_minibot_ws/devel/share/common-lisp/ros/sdv_msgs/msg/_package_TrajectoryPoint.lisp
Already unlinked: {}
Unlinking: /home/musashi/Work/Nicole/catkin_ws/musashi_minibot_ws/devel/share/common-lisp/ros/sdv_msgs/msg/TrajectoryPoint.lisp
Already unlinked: {}
Unlinking: /home/musashi/Work/Nicole/catkin_ws/musashi_minibot_ws/devel/share/common-lisp/ros/sdv_msgs/msg/_package_Trajectory.lisp
Already unlinked: {}
Unlinking: /home/musashi/Work/Nicole/catkin_ws/musashi_minibot_ws/devel/share/common-lisp/ros/sdv_msgs/msg/_package.lisp
Already unlinked: {}
Unlinking: /home/musashi/Work/Nicole/catkin_ws/musashi_minibot_ws/devel/share/common-lisp/ros/sdv_msgs/msg/sdv_msgs-msg.asd
Already unlinked: {}
Unlinking: /home/musashi/Work/Nicole/catkin_ws/musashi_minibot_ws/devel/share/gennodejs/ros/sdv_msgs/_index.js
Already unlinked: {}
Unlinking: /home/musashi/Work/Nicole/catkin_ws/musashi_minibot_ws/devel/share/gennodejs/ros/sdv_msgs/srv/TrajectoryFlags.js
Already unlinked: {}
Unlinking: /home/musashi/Work/Nicole/catkin_ws/musashi_minibot_ws/devel/share/gennodejs/ros/sdv_msgs/srv/_index.js
Already unlinked: {}
Unlinking: /home/musashi/Work/Nicole/catkin_ws/musashi_minibot_ws/devel/share/gennodejs/ros/sdv_msgs/msg/TrajectoryPoint.js
Already unlinked: {}
Unlinking: /home/musashi/Work/Nicole/catkin_ws/musashi_minibot_ws/devel/share/gennodejs/ros/sdv_msgs/msg/Trajectory.js
Already unlinked: {}
Unlinking: /home/musashi/Work/Nicole/catkin_ws/musashi_minibot_ws/devel/share/gennodejs/ros/sdv_msgs/msg/_index.js
Already unlinked: {}
Unlinking: /home/musashi/Work/Nicole/catkin_ws/musashi_minibot_ws/devel/share/roseus/ros/sdv_msgs/manifest.l
Already unlinked: {}
Unlinking: /home/musashi/Work/Nicole/catkin_ws/musashi_minibot_ws/devel/share/roseus/ros/sdv_msgs/srv/TrajectoryFlags.l
Already unlinked: {}
Unlinking: /home/musashi/Work/Nicole/catkin_ws/musashi_minibot_ws/devel/share/roseus/ros/sdv_msgs/msg/TrajectoryPoint.l
Already unlinked: {}
Unlinking: /home/musashi/Work/Nicole/catkin_ws/musashi_minibot_ws/devel/share/roseus/ros/sdv_msgs/msg/Trajectory.l
Already unlinked: {}
Unlinking: /home/musashi/Work/Nicole/catkin_ws/musashi_minibot_ws/devel/share/sdv_msgs/cmake/sdv_msgs-msg-paths.cmake
Already unlinked: {}
Unlinking: /home/musashi/Work/Nicole/catkin_ws/musashi_minibot_ws/devel/share/sdv_msgs/cmake/sdv_msgsConfig.cmake
Already unlinked: {}
Unlinking: /home/musashi/Work/Nicole/catkin_ws/musashi_minibot_ws/devel/share/sdv_msgs/cmake/sdv_msgs-msg-extras.cmake
Already unlinked: {}
Unlinking: /home/musashi/Work/Nicole/catkin_ws/musashi_minibot_ws/devel/share/sdv_msgs/cmake/sdv_msgsConfig-version.cmake
Already unlinked: {}
