Performing C SOURCE FILE Test CMAKE_HAVE_LIBC_PTHREAD failed with the following output:
Change Dir: /home/musashi/Work/Nicole/catkin_ws/cartographer_ws/build_isolated/cartographer_rviz/CMakeFiles/CMakeTmp

Run Build Command(s):/usr/bin/ninja cmTC_b1666 && [1/2] Building C object CMakeFiles/cmTC_b1666.dir/src.c.o
[2/2] Linking C executable cmTC_b1666
FAILED: cmTC_b1666 
: && /usr/bin/cc -DCMAKE_HAVE_LIBC_PTHREAD  -rdynamic CMakeFiles/cmTC_b1666.dir/src.c.o  -o cmTC_b1666   && :
/usr/bin/ld: CMakeFiles/cmTC_b1666.dir/src.c.o: in function `main':
src.c:(.text+0x46): undefined reference to `pthread_create'
/usr/bin/ld: src.c:(.text+0x52): undefined reference to `pthread_detach'
/usr/bin/ld: src.c:(.text+0x63): undefined reference to `pthread_join'
collect2: error: ld returned 1 exit status
ninja: build stopped: subcommand failed.


Source file was:
#include <pthread.h>

void* test_func(void* data)
{
  return data;
}

int main(void)
{
  pthread_t thread;
  pthread_create(&thread, NULL, test_func, NULL);
  pthread_detach(thread);
  pthread_join(thread, NULL);
  pthread_atfork(NULL, NULL, NULL);
  pthread_exit(NULL);

  return 0;
}

Determining if the function pthread_create exists in the pthreads failed with the following output:
Change Dir: /home/musashi/Work/Nicole/catkin_ws/cartographer_ws/build_isolated/cartographer_rviz/CMakeFiles/CMakeTmp

Run Build Command(s):/usr/bin/ninja cmTC_3dbe9 && [1/2] Building C object CMakeFiles/cmTC_3dbe9.dir/CheckFunctionExists.c.o
[2/2] Linking C executable cmTC_3dbe9
FAILED: cmTC_3dbe9 
: && /usr/bin/cc -DCHECK_FUNCTION_EXISTS=pthread_create  -rdynamic CMakeFiles/cmTC_3dbe9.dir/CheckFunctionExists.c.o  -o cmTC_3dbe9  -lpthreads && :
/usr/bin/ld: cannot find -lpthreads
collect2: error: ld returned 1 exit status
ninja: build stopped: subcommand failed.



Determining if the function sgemm_ exists failed with the following output:
Change Dir: /home/musashi/Work/Nicole/catkin_ws/cartographer_ws/build_isolated/cartographer_rviz/CMakeFiles/CMakeTmp

Run Build Command(s):/usr/bin/ninja cmTC_adf7c && [1/2] Building C object CMakeFiles/cmTC_adf7c.dir/CheckFunctionExists.c.o
[2/2] Linking C executable cmTC_adf7c
FAILED: cmTC_adf7c 
: && /usr/bin/cc -DCHECK_FUNCTION_EXISTS=sgemm_  -rdynamic CMakeFiles/cmTC_adf7c.dir/CheckFunctionExists.c.o  -o cmTC_adf7c   && :
/usr/bin/ld: CMakeFiles/cmTC_adf7c.dir/CheckFunctionExists.c.o: in function `main':
CheckFunctionExists.c:(.text+0x14): undefined reference to `sgemm_'
collect2: error: ld returned 1 exit status
ninja: build stopped: subcommand failed.



